g:\comm\ahmed.eg\crysedit_demo\debug\sample.pch
g:\comm\ahmed.eg\crysedit_demo\debug\vc142.pdb
g:\comm\ahmed.eg\crysedit_demo\debug\vc142.idb
g:\comm\ahmed.eg\crysedit_demo\debug\stdafx.obj
g:\comm\ahmed.eg\crysedit_demo\debug\ccrystaleditview.obj
g:\comm\ahmed.eg\crysedit_demo\debug\ccrystaltextbuffer.obj
g:\comm\ahmed.eg\crysedit_demo\debug\ccrystaltextview.obj
g:\comm\ahmed.eg\crysedit_demo\debug\ccrystaltextview2.obj
g:\comm\ahmed.eg\crysedit_demo\debug\ceditreplacedlg.obj
g:\comm\ahmed.eg\crysedit_demo\debug\cfindtextdlg.obj
g:\comm\ahmed.eg\crysedit_demo\debug\childfrm.obj
g:\comm\ahmed.eg\crysedit_demo\debug\cplusplus.obj
g:\comm\ahmed.eg\crysedit_demo\debug\mainfrm.obj
g:\comm\ahmed.eg\crysedit_demo\debug\xmleditor.obj
g:\comm\ahmed.eg\crysedit_demo\debug\sampledoc.obj
g:\comm\ahmed.eg\crysedit_demo\debug\sampleview.obj
g:\comm\ahmed.eg\crysedit_demo\debug\xmltreeview.obj
g:\comm\ahmed.eg\crysedit_demo\debug\xmlite.obj
g:\comm\ahmed.eg\crysedit_demo\debug\sample.tlog\cl.command.1.tlog
g:\comm\ahmed.eg\crysedit_demo\debug\sample.tlog\cl.read.1.tlog
g:\comm\ahmed.eg\crysedit_demo\debug\sample.tlog\cl.write.1.tlog
